<?xml version='1.0' encoding='UTF-8'?>
<testsuite hostname="C02DR68XMD6R" name="SweetTreatTest" tests="12" errors="0" failures="0" skipped="0" time="2.007" timestamp="2021-06-24T10:46:21">
          <properties>
[...]
</properties>
          <testcase classname="SweetTreatTest" name="checkCourierCriteria method in SweetTreat.scala should gives the valid couriers when all three methods are satisfied" time="1.305">
                      
                    </testcase><testcase classname="SweetTreatTest" name="checkCourierCriteria method in SweetTreat.scala should gives the invalid couriers when all three methods are not satisfied" time="0.076">
                      
                    </testcase><testcase classname="SweetTreatTest" name="availableCourier method in SweetTreat.scala should gives the valid range when the range is between 9-13 is true" time="0.072">
                      
                    </testcase><testcase classname="SweetTreatTest" name="availableCourier method in SweetTreat.scala should gives the invalid range when the range is not between 9-13 is false" time="0.073">
                      
                    </testcase><testcase classname="SweetTreatTest" name="availableDistance method in SweetTreat.scala should gives the valid distance when the distance is not more then 5 is true" time="0.07">
                      
                    </testcase><testcase classname="SweetTreatTest" name="availableDistance method in SweetTreat.scala should gives the invalid distance when the distance is greater then 5 is false" time="0.068">
                      
                    </testcase><testcase classname="SweetTreatTest" name="availableRefrigerator method in SweetTreat.scala should give the valid refrigerator when the Order.needRefrigerator is valid, returns true" time="0.066">
                      
                    </testcase><testcase classname="SweetTreatTest" name="availableRefrigerator method in SweetTreat.scala should is invalid refrigerator when the Order.needRefrigerator is not valid, returns false" time="0.054">
                      
                    </testcase><testcase classname="SweetTreatTest" name="smallestCost method in SweetTreat.scala should give the valid cost when the ListOfCourier is valid, returns Some(Courier)" time="0.065">
                      
                    </testcase><testcase classname="SweetTreatTest" name="smallestCost method in SweetTreat.scala should give the invalid cost when the ListOfCourier is not valid, returns None" time="0.052">
                      
                    </testcase><testcase classname="SweetTreatTest" name="selectTheCheapestCourier method in SweetTreat.scala should give the cheapest courier when the list of courier is equal or more than 1" time="0.054">
                      
                    </testcase><testcase classname="SweetTreatTest" name="selectTheCheapestCourier method in SweetTreat.scala should give invalid order when the list of courier is not valid" time="0.052">
                      
                    </testcase>
          <system-out><![CDATA[]]></system-out>
          <system-err><![CDATA[]]></system-err>
        </testsuite>