<?xml version='1.0' encoding='UTF-8'?>
<testsuite hostname="C02DR68XMD6R" name="SweetTreatTest" tests="14" errors="0" failures="1" skipped="0" time="2.152" timestamp="2021-06-24T16:39:33">
          <properties>
[...]
</properties>
          <testcase classname="SweetTreatTest" name="checkCourierCriteria method in SweetTreat.scala should gives the valid couriers when all three methods are satisfied" time="1.342">
                      
                    </testcase><testcase classname="SweetTreatTest" name="checkCourierCriteria method in SweetTreat.scala should gives the invalid couriers when all three methods are not satisfied" time="0.075">
                      
                    </testcase><testcase classname="SweetTreatTest" name="availableCourier method in SweetTreat.scala should gives the valid range when the range is between 9-13 is true" time="0.06">
                      
                    </testcase><testcase classname="SweetTreatTest" name="availableCourier method in SweetTreat.scala should gives the invalid range when the range is not between 9-13 is false" time="0.069">
                      
                    </testcase><testcase classname="SweetTreatTest" name="availableDistance method in SweetTreat.scala should gives the valid distance when the distance is not more then 5 is true" time="0.069">
                      
                    </testcase><testcase classname="SweetTreatTest" name="availableDistance method in SweetTreat.scala should gives the invalid distance when the distance is greater then 5 is false" time="0.067">
                      
                    </testcase><testcase classname="SweetTreatTest" name="availableRefrigerator method in SweetTreat.scala should give the valid refrigerator when the Order.needRefrigerator is valid, returns true" time="0.066">
                      
                    </testcase><testcase classname="SweetTreatTest" name="availableRefrigerator method in SweetTreat.scala should is invalid refrigerator when the Order.needRefrigerator is not valid, returns false" time="0.066">
                      
                    </testcase><testcase classname="SweetTreatTest" name="smallestCost method in SweetTreat.scala should give the valid cost when the ListOfCourier is valid, returns Some(Courier)" time="0.065">
                      
                    </testcase><testcase classname="SweetTreatTest" name="smallestCost method in SweetTreat.scala should give the invalid cost when the ListOfCourier is not valid, returns None" time="0.056">
                      
                    </testcase><testcase classname="SweetTreatTest" name="selectTheCheapestCourier method in SweetTreat.scala should give the cheapest courier when the list of courier is equal or more than 1" time="0.064">
                      <failure message="Some(Courier(Geoff,List(10, 16),true,4.0,2.0,true)) was not equal to Some(Courier(Martin,List(9, 17),true,3.0,1.5,false))" type="org.scalatest.exceptions.TestFailedException">org.scalatest.exceptions.TestFailedException: Some(Courier(Geoff,List(10, 16),true,4.0,2.0,true)) was not equal to Some(Courier(Martin,List(9, 17),true,3.0,1.5,false))
	at org.scalatest.MatchersHelper$.indicateFailure(MatchersHelper.scala:343)
	at org.scalatest.MustMatchers$AnyMustWrapper.mustBe(MustMatchers.scala:6919)
	at SweetTreatTest.$anonfun$new$28(SweetTreatTest.scala:93)
	at org.scalatest.OutcomeOf.outcomeOf(OutcomeOf.scala:85)
	at org.scalatest.OutcomeOf.outcomeOf$(OutcomeOf.scala:83)
	at org.scalatest.OutcomeOf$.outcomeOf(OutcomeOf.scala:104)
	at org.scalatest.Transformer.apply(Transformer.scala:22)
	at org.scalatest.Transformer.apply(Transformer.scala:20)
	at org.scalatest.WordSpecLike$$anon$3.apply(WordSpecLike.scala:1075)
	at org.scalatest.TestSuite.withFixture(TestSuite.scala:196)
	at org.scalatest.TestSuite.withFixture$(TestSuite.scala:195)
	at SweetTreatTest.org$scalatestplus$play$BaseOneAppPerTest$$super$withFixture(SweetTreatTest.scala:5)
	at org.scalatestplus.play.BaseOneAppPerTest.$anonfun$withFixture$1(BaseOneAppPerTest.scala:74)
	at play.api.test.PlayRunners.$anonfun$running$2(Helpers.scala:84)
	at play.api.test.PlayRunners.runSynchronized(Helpers.scala:59)
	at play.api.test.PlayRunners.runSynchronized$(Helpers.scala:53)
	at play.api.test.Helpers$.runSynchronized(Helpers.scala:666)
	at play.api.test.PlayRunners.running(Helpers.scala:82)
	at play.api.test.PlayRunners.running$(Helpers.scala:80)
	at play.api.test.Helpers$.running(Helpers.scala:666)
	at org.scalatestplus.play.BaseOneAppPerTest.withFixture(BaseOneAppPerTest.scala:74)
	at org.scalatestplus.play.BaseOneAppPerTest.withFixture$(BaseOneAppPerTest.scala:71)
	at SweetTreatTest.withFixture(SweetTreatTest.scala:5)
	at org.scalatest.WordSpecLike.invokeWithFixture$1(WordSpecLike.scala:1073)
	at org.scalatest.WordSpecLike.$anonfun$runTest$1(WordSpecLike.scala:1085)
	at org.scalatest.SuperEngine.runTestImpl(Engine.scala:286)
	at org.scalatest.WordSpecLike.runTest(WordSpecLike.scala:1085)
	at org.scalatest.WordSpecLike.runTest$(WordSpecLike.scala:1067)
	at org.scalatest.WordSpec.runTest(WordSpec.scala:1881)
	at org.scalatest.WordSpecLike.$anonfun$runTests$1(WordSpecLike.scala:1144)
	at org.scalatest.SuperEngine.$anonfun$runTestsInBranch$1(Engine.scala:393)
	at scala.collection.immutable.List.foreach(List.scala:333)
	at org.scalatest.SuperEngine.traverseSubNodes$1(Engine.scala:381)
	at org.scalatest.SuperEngine.runTestsInBranch(Engine.scala:370)
	at org.scalatest.SuperEngine.$anonfun$runTestsInBranch$1(Engine.scala:407)
	at scala.collection.immutable.List.foreach(List.scala:333)
	at org.scalatest.SuperEngine.traverseSubNodes$1(Engine.scala:381)
	at org.scalatest.SuperEngine.runTestsInBranch(Engine.scala:370)
	at org.scalatest.SuperEngine.$anonfun$runTestsInBranch$1(Engine.scala:407)
	at scala.collection.immutable.List.foreach(List.scala:333)
	at org.scalatest.SuperEngine.traverseSubNodes$1(Engine.scala:381)
	at org.scalatest.SuperEngine.runTestsInBranch(Engine.scala:376)
	at org.scalatest.SuperEngine.runTestsImpl(Engine.scala:458)
	at org.scalatest.WordSpecLike.runTests(WordSpecLike.scala:1144)
	at org.scalatest.WordSpecLike.runTests$(WordSpecLike.scala:1143)
	at org.scalatest.WordSpec.runTests(WordSpec.scala:1881)
	at org.scalatest.Suite.run(Suite.scala:1124)
	at org.scalatest.Suite.run$(Suite.scala:1106)
	at org.scalatest.WordSpec.org$scalatest$WordSpecLike$$super$run(WordSpec.scala:1881)
	at org.scalatest.WordSpecLike.$anonfun$run$1(WordSpecLike.scala:1189)
	at org.scalatest.SuperEngine.runImpl(Engine.scala:518)
	at org.scalatest.WordSpecLike.run(WordSpecLike.scala:1189)
	at org.scalatest.WordSpecLike.run$(WordSpecLike.scala:1187)
	at org.scalatest.WordSpec.run(WordSpec.scala:1881)
	at org.scalatest.tools.Framework.org$scalatest$tools$Framework$$runSuite(Framework.scala:317)
	at org.scalatest.tools.Framework$ScalaTestTask.execute(Framework.scala:510)
	at sbt.TestRunner.runTest$1(TestFramework.scala:140)
	at sbt.TestRunner.run(TestFramework.scala:155)
	at sbt.TestFramework$$anon$3$$anonfun$$lessinit$greater$1.$anonfun$apply$1(TestFramework.scala:318)
	at sbt.TestFramework$.sbt$TestFramework$$withContextLoader(TestFramework.scala:278)
	at sbt.TestFramework$$anon$3$$anonfun$$lessinit$greater$1.apply(TestFramework.scala:318)
	at sbt.TestFramework$$anon$3$$anonfun$$lessinit$greater$1.apply(TestFramework.scala:318)
	at sbt.TestFunction.apply(TestFramework.scala:330)
	at sbt.Tests$.$anonfun$toTask$1(Tests.scala:435)
	at sbt.std.Transform$$anon$3.$anonfun$apply$2(Transform.scala:46)
	at sbt.std.Transform$$anon$4.work(Transform.scala:68)
	at sbt.Execute.$anonfun$submit$2(Execute.scala:282)
	at sbt.internal.util.ErrorHandling$.wideConvert(ErrorHandling.scala:23)
	at sbt.Execute.work(Execute.scala:291)
	at sbt.Execute.$anonfun$submit$1(Execute.scala:282)
	at sbt.ConcurrentRestrictions$$anon$4.$anonfun$submitValid$1(ConcurrentRestrictions.scala:265)
	at sbt.CompletionService$$anon$2.call(CompletionService.scala:64)
	at java.base/java.util.concurrent.FutureTask.run(FutureTask.java:264)
	at java.base/java.util.concurrent.Executors$RunnableAdapter.call(Executors.java:515)
	at java.base/java.util.concurrent.FutureTask.run(FutureTask.java:264)
	at java.base/java.util.concurrent.ThreadPoolExecutor.runWorker(ThreadPoolExecutor.java:1130)
	at java.base/java.util.concurrent.ThreadPoolExecutor$Worker.run(ThreadPoolExecutor.java:630)
	at java.base/java.lang.Thread.run(Thread.java:832)
</failure>
                    </testcase><testcase classname="SweetTreatTest" name="selectTheCheapestCourier method in SweetTreat.scala should give invalid order when the list of courier is not valid" time="0.052">
                      
                    </testcase><testcase classname="SweetTreatTest" name="availableCouriersOrderedByPrice method in SweetTreat.scala should give a list of couriers sorted by cheapest to expensive when return an ordered list of available couriers" time="0.05">
                      
                    </testcase><testcase classname="SweetTreatTest" name="availableCouriersOrderedByPrice method in SweetTreat.scala should give invalid courier List when return an empty list" time="0.051">
                      
                    </testcase>
          <system-out><![CDATA[]]></system-out>
          <system-err><![CDATA[]]></system-err>
        </testsuite>