<?xml version='1.0' encoding='UTF-8'?>
<testsuite hostname="C02DR68XMD6R" name="SweetTreatTest" tests="7" errors="0" failures="0" skipped="0" time="1.875" timestamp="2021-06-23T17:03:47">
          <properties>
[...]
</properties>
          <testcase classname="SweetTreatTest" name="readyCourier method in SweetTreat.scala should gives the valid range when the range is between 9-13 is true" time="1.422">
                      
                    </testcase><testcase classname="SweetTreatTest" name="readyCourier method in SweetTreat.scala should gives the invalid range when the range is not between 9-13 is false" time="0.099">
                      
                    </testcase><testcase classname="SweetTreatTest" name="availableDistance method in SweetTreat.scala should gives the valid distance when the distance is not more then 5 is true" time="0.078">
                      
                    </testcase><testcase classname="SweetTreatTest" name="availableDistance method in SweetTreat.scala should gives the invalid distance when the distance is greater then 5 is false" time="0.074">
                      
                    </testcase><testcase classname="SweetTreatTest" name="availableRefrigerator method in SweetTreat.scala should give the valid refrigerator when the Order.needRefrigerator is valid, returns true" time="0.067">
                      
                    </testcase><testcase classname="SweetTreatTest" name="availableRefrigerator method in SweetTreat.scala should is invalid refrigerator when the Order.needRefrigerator is not valid, returns false" time="0.068">
                      
                    </testcase><testcase classname="SweetTreatTest" name="smallestCost method in SweetTreat.scala should give the valid cost when the ListOfCourier is valid, returns true" time="0.067">
                      
                    </testcase>
          <system-out><![CDATA[]]></system-out>
          <system-err><![CDATA[]]></system-err>
        </testsuite>